-------------------------------------------------------------------------------
Test set: com.eqriesracingteam.garage.repository.UserRepositoryTest
-------------------------------------------------------------------------------
Tests run: 1, Failures: 0, Errors: 1, Skipped: 0, Time elapsed: 0.024 s <<< FAILURE! - in com.eqriesracingteam.garage.repository.UserRepositoryTest
testFindByID  Time elapsed: 0.018 s  <<< ERROR!
java.util.NoSuchElementException: No value present
	at com.eqriesracingteam.garage.repository.UserRepositoryTest.testFindByID(UserRepositoryTest.java:44)

