-------------------------------------------------------------------------------
Test set: com.eqriesracingteam.garage.controller.AuthenticationControllerTest
-------------------------------------------------------------------------------
Tests run: 1, Failures: 0, Errors: 1, Skipped: 0, Time elapsed: 1.527 s <<< FAILURE! - in com.eqriesracingteam.garage.controller.AuthenticationControllerTest
shouldReturn200  Time elapsed: 0.001 s  <<< ERROR!
java.lang.IllegalStateException: Failed to load ApplicationContext
Caused by: org.springframework.beans.factory.UnsatisfiedDependencyException: Error creating bean with name 'appointmentController' defined in file [C:\Users\jaspe\IdeaProjects\garage\target\classes\com\eqriesracingteam\garage\controller\AppointmentController.class]: Unsatisfied dependency expressed through constructor parameter 0; nested exception is org.springframework.beans.factory.NoSuchBeanDefinitionException: No qualifying bean of type 'com.eqriesracingteam.garage.service.AppointmentService' available: expected at least 1 bean which qualifies as autowire candidate. Dependency annotations: {}
Caused by: org.springframework.beans.factory.NoSuchBeanDefinitionException: No qualifying bean of type 'com.eqriesracingteam.garage.service.AppointmentService' available: expected at least 1 bean which qualifies as autowire candidate. Dependency annotations: {}

