-------------------------------------------------------------------------------
Test set: com.eqriesracingteam.garage.controller.CustomerControllerTest
-------------------------------------------------------------------------------
Tests run: 1, Failures: 0, Errors: 1, Skipped: 0, Time elapsed: 0 s <<< FAILURE! - in com.eqriesracingteam.garage.controller.CustomerControllerTest
testEndpointCustomers  Time elapsed: 0 s  <<< ERROR!
java.lang.NullPointerException: Cannot invoke "com.eqriesracingteam.garage.service.CustomerService.getAllCustomers()" because "this.customerService" is null
	at com.eqriesracingteam.garage.controller.CustomerControllerTest.testEndpointCustomers(CustomerControllerTest.java:36)

