-------------------------------------------------------------------------------
Test set: com.eqriesracingteam.garage.service.CustomerServiceTest
-------------------------------------------------------------------------------
Tests run: 4, Failures: 0, Errors: 1, Skipped: 0, Time elapsed: 0.039 s <<< FAILURE! - in com.eqriesracingteam.garage.service.CustomerServiceTest
testAddCustomer  Time elapsed: 0.008 s  <<< ERROR!
java.lang.NullPointerException: Cannot invoke "java.util.List.size()" because "customers" is null
	at com.eqriesracingteam.garage.service.CustomerServiceTest.testAddCustomer(CustomerServiceTest.java:52)

